c:\projects\c++ projects\stocks\x64\debug\vc143.pdb
c:\projects\c++ projects\stocks\x64\debug\.netframework,version=v4.7.2.assemblyattributes.obj
c:\projects\c++ projects\stocks\x64\debug\usersdb.obj
c:\projects\c++ projects\stocks\x64\debug\stock.obj
c:\projects\c++ projects\stocks\x64\debug\portfoliodb.obj
c:\projects\c++ projects\stocks\x64\debug\portfolio.obj
c:\projects\c++ projects\stocks\x64\debug\myform.obj
c:\projects\c++ projects\stocks\x64\debug\main.obj
c:\projects\c++ projects\stocks\x64\debug\loginform.obj
c:\projects\c++ projects\stocks\x64\debug\apiwrapper.obj
c:\projects\c++ projects\stocks\x64\debug\apiaccess.obj
c:\projects\c++ projects\stocks\x64\debug\stocks.exe
c:\projects\c++ projects\stocks\x64\debug\stocks.pdb
c:\projects\c++ projects\stocks\x64\debug\sqlite3.dll
c:\projects\c++ projects\stocks\x64\debug\libcurl-d.dll
c:\projects\c++ projects\stocks\x64\debug\zlibd1.dll
c:\projects\c++ projects\stocks\x64\debug\stocks.exe.metagen
c:\projects\c++ projects\stocks\x64\debug\stocks.tlog\cl.command.1.tlog
c:\projects\c++ projects\stocks\x64\debug\stocks.tlog\cl.items.tlog
c:\projects\c++ projects\stocks\x64\debug\stocks.tlog\cl.read.1.tlog
c:\projects\c++ projects\stocks\x64\debug\stocks.tlog\cl.write.1.tlog
c:\projects\c++ projects\stocks\x64\debug\stocks.tlog\link.command.1.tlog
c:\projects\c++ projects\stocks\x64\debug\stocks.tlog\link.read.1.tlog
c:\projects\c++ projects\stocks\x64\debug\stocks.tlog\link.write.1.tlog
c:\projects\c++ projects\stocks\x64\debug\stocks.tlog\metagen.read.1.tlog
c:\projects\c++ projects\stocks\x64\debug\stocks.tlog\metagen.write.1.tlog
c:\projects\c++ projects\stocks\x64\debug\stocks.tlog\resgen.command.1.tlog
c:\projects\c++ projects\stocks\x64\debug\stocks.tlog\resgen.read.1.tlog
c:\projects\c++ projects\stocks\x64\debug\stocks.tlog\resgen.write.1.tlog
c:\projects\c++ projects\stocks\x64\debug\stocks.tlog\stocks.write.1u.tlog
